\BOOKMARK [1][-]{section.1}{\376\377\000K\000N\000N}{}% 1
\BOOKMARK [2][-]{subsection.1.1}{\376\377\000P\000r\000o\000c\000e\000s\000s\000\040\000o\000f\000\040\000K\000N\000N}{section.1}% 2
\BOOKMARK [1][-]{section.2}{\376\377\000L\000i\000n\000e\000a\000r\000\040\000R\000e\000g\000r\000e\000s\000s\000i\000o\000n}{}% 3
\BOOKMARK [2][-]{subsection.2.1}{\376\377\000M\000a\000t\000h\000\040\000L\000o\000g\000i\000c\000\040\000B\000e\000h\000i\000n\000d\000\040\000L\000i\000n\000e\000a\000r\000\040\000R\000e\000g\000r\000e\000s\000s\000i\000o\000n}{section.2}% 4
\BOOKMARK [1][-]{section.3}{\376\377\000L\000o\000g\000i\000s\000t\000i\000c\000\040\000R\000e\000g\000r\000e\000s\000s\000i\000o\000n}{}% 5
\BOOKMARK [2][-]{subsection.3.1}{\376\377\000M\000a\000t\000h\000\040\000L\000o\000g\000i\000c\000\040\000B\000e\000h\000i\000n\000d\000\040\000L\000o\000g\000i\000s\000t\000i\000c\000\040\000R\000e\000g\000r\000e\000s\000s\000i\000o\000n}{section.3}% 6
\BOOKMARK [1][-]{section.4}{\376\377\000N\000a\000i\000v\000e\000\040\000B\000a\000y\000e\000s}{}% 7
\BOOKMARK [2][-]{subsection.4.1}{\376\377\000M\000a\000t\000h\000\040\000L\000o\000g\000i\000c\000\040\000B\000e\000h\000i\000n\000d\000\040\000N\000a\000i\000v\000e\000\040\000B\000a\000y\000e\000s}{section.4}% 8
\BOOKMARK [3][-]{subsubsection.4.1.1}{\376\377\000B\000a\000y\000e\000s\000\040\000T\000h\000e\000o\000r\000e\000m}{subsection.4.1}% 9
\BOOKMARK [3][-]{subsubsection.4.1.2}{\376\377\000A\000s\000s\000u\000m\000p\000t\000i\000o\000n}{subsection.4.1}% 10
\BOOKMARK [3][-]{subsubsection.4.1.3}{\376\377\000N\000a\000i\000v\000e\000\040\000B\000a\000y\000e\000s\000\040\000A\000l\000g\000o\000r\000i\000t\000h\000m}{subsection.4.1}% 11
\BOOKMARK [1][-]{section.5}{\376\377\000P\000e\000r\000c\000e\000p\000t\000r\000o\000n}{}% 12
\BOOKMARK [2][-]{subsection.5.1}{\376\377\000B\000a\000c\000k\000g\000r\000o\000u\000n\000d\000\040\000o\000f\000\040\000P\000e\000r\000c\000e\000p\000t\000r\000o\000n\000\040\000M\000o\000d\000e\000l}{section.5}% 13
\BOOKMARK [2][-]{subsection.5.2}{\376\377\000P\000e\000r\000c\000e\000p\000t\000r\000o\000n\000\040\000M\000o\000d\000e\000l}{section.5}% 14
\BOOKMARK [2][-]{subsection.5.3}{\376\377\000M\000a\000t\000h\000\040\000L\000o\000g\000i\000c\000\040\000B\000e\000h\000i\000n\000d\000\040\000P\000e\000r\000c\000e\000p\000t\000r\000o\000n}{section.5}% 15
\BOOKMARK [1][-]{section.6}{\376\377\000S\000V\000M}{}% 16
\BOOKMARK [2][-]{subsection.6.1}{\376\377\000B\000a\000c\000k\000g\000r\000o\000u\000n\000d}{section.6}% 17
\BOOKMARK [2][-]{subsection.6.2}{\376\377\000M\000a\000t\000h\000\040\000L\000o\000g\000i\000c\000\040\000B\000e\000h\000i\000n\000d\000\040\000S\000V\000M}{section.6}% 18
\BOOKMARK [3][-]{subsubsection.6.2.1}{\376\377\000H\000i\000n\000g\000e\000\040\000L\000o\000s\000s}{subsection.6.2}% 19
\BOOKMARK [3][-]{subsubsection.6.2.2}{\376\377\000C\000o\000s\000t\000\040\000F\000u\000n\000c\000t\000i\000o\000n}{subsection.6.2}% 20
\BOOKMARK [1][-]{section.7}{\376\377\000D\000e\000c\000i\000s\000i\000o\000n\000\040\000T\000r\000e\000e}{}% 21
\BOOKMARK [2][-]{subsection.7.1}{\376\377\000M\000a\000t\000h\000\040\000L\000o\000g\000i\000c\000\040\000B\000e\000h\000i\000n\000d\000\040\000D\000e\000c\000i\000s\000i\000o\000n\000\040\000T\000r\000e\000e}{section.7}% 22
\BOOKMARK [3][-]{subsubsection.7.1.1}{\376\377\000E\000n\000t\000r\000o\000p\000y\000\040\000\046\000\040\000I\000n\000f\000o\000r\000m\000a\000t\000i\000o\000n\000\040\000G\000a\000i\000n}{subsection.7.1}% 23
\BOOKMARK [2][-]{subsection.7.2}{\376\377\000S\000t\000o\000p\000p\000i\000n\000g\000\040\000C\000r\000i\000t\000e\000r\000i\000a}{section.7}% 24
\BOOKMARK [2][-]{subsection.7.3}{\376\377\000D\000e\000c\000i\000s\000i\000o\000n\000\040\000M\000a\000k\000i\000n\000g}{section.7}% 25
\BOOKMARK [2][-]{subsection.7.4}{\376\377\000E\000x\000a\000m\000p\000l\000e}{section.7}% 26
\BOOKMARK [3][-]{subsubsection.7.4.1}{\376\377\000F\000i\000r\000s\000t\000\040\000I\000t\000e\000r\000a\000t\000i\000o\000n}{subsection.7.4}% 27
\BOOKMARK [3][-]{subsubsection.7.4.2}{\376\377\000S\000e\000c\000o\000n\000d\000\040\000I\000t\000e\000r\000a\000t\000i\000o\000n}{subsection.7.4}% 28
\BOOKMARK [1][-]{section.8}{\376\377\000R\000a\000n\000d\000o\000m\000\040\000F\000o\000r\000e\000s\000t}{}% 29
\BOOKMARK [2][-]{subsection.8.1}{\376\377\000L\000o\000g\000i\000c\000\040\000B\000e\000h\000i\000n\000d\000\040\000R\000a\000n\000d\000o\000m\000\040\000F\000o\000r\000e\000s\000t}{section.8}% 30
\BOOKMARK [1][-]{section.9}{\376\377\000P\000C\000A}{}% 31
\BOOKMARK [2][-]{subsection.9.1}{\376\377\000P\000u\000r\000p\000o\000s\000e\000\040\000o\000f\000\040\000P\000C\000A}{section.9}% 32
\BOOKMARK [2][-]{subsection.9.2}{\376\377\000P\000C\000A\000\040\000A\000l\000g\000o\000r\000i\000t\000h\000m}{section.9}% 33
\BOOKMARK [1][-]{section.10}{\376\377\000K\000-\000M\000e\000a\000n\000s}{}% 34
\BOOKMARK [2][-]{subsection.10.1}{\376\377\000L\000o\000g\000i\000c\000\040\000B\000e\000h\000i\000n\000d\000\040\000K\000-\000M\000e\000a\000n\000s}{section.10}% 35
\BOOKMARK [3][-]{subsubsection.10.1.1}{\376\377\000E\000u\000c\000l\000i\000d\000e\000a\000n\000\040\000D\000i\000s\000t\000a\000n\000c\000e}{subsection.10.1}% 36
\BOOKMARK [3][-]{subsubsection.10.1.2}{\376\377\000K\000-\000M\000e\000a\000n\000s\000\040\000A\000l\000g\000o\000r\000i\000t\000h\000m}{subsection.10.1}% 37
\BOOKMARK [1][-]{section.11}{\376\377\000A\000d\000a\000B\000o\000o\000s\000t}{}% 38
\BOOKMARK [2][-]{subsection.11.1}{\376\377\000A\000d\000a\000B\000o\000o\000s\000t\000\040\000v\000s\000.\000\040\000R\000a\000n\000d\000o\000m\000\040\000F\000o\000r\000e\000s\000t}{section.11}% 39
\BOOKMARK [2][-]{subsection.11.2}{\376\377\000M\000a\000t\000h\000\040\000L\000o\000g\000i\000c\000\040\000B\000e\000h\000i\000n\000d\000\040\000A\000d\000a\000B\000o\000o\000s\000t}{section.11}% 40
\BOOKMARK [3][-]{subsubsection.11.2.1}{\376\377\000E\000r\000r\000o\000r}{subsection.11.2}% 41
\BOOKMARK [3][-]{subsubsection.11.2.2}{\376\377\000W\000e\000i\000g\000h\000t\000s}{subsection.11.2}% 42
\BOOKMARK [3][-]{subsubsection.11.2.3}{\376\377\000P\000r\000e\000d\000i\000c\000t\000i\000o\000n}{subsection.11.2}% 43
\BOOKMARK [1][-]{section.12}{\376\377\000L\000D\000A}{}% 44
\BOOKMARK [2][-]{subsection.12.1}{\376\377\000P\000C\000A\000\040\000v\000s\000.\000\040\000L\000D\000A}{section.12}% 45
\BOOKMARK [2][-]{subsection.12.2}{\376\377\000M\000a\000t\000h\000\040\000L\000o\000g\000i\000c\000\040\000B\000e\000h\000i\000n\000d\000\040\000L\000D\000A}{section.12}% 46
\BOOKMARK [2][-]{subsection.12.3}{\376\377\000L\000D\000A\000\040\000A\000l\000g\000o\000r\000i\000t\000h\000m}{section.12}% 47
